2020-05-29 20:59:06 - PHP Notice:  Undefined variable: text_information in C:\OpenServer\domains\1opencart.loc\catalog\view\theme\apple\template\common\header.tpl on line 89
2020-05-29 20:59:06 - PHP Notice:  Undefined variable: informations in C:\OpenServer\domains\1opencart.loc\catalog\view\theme\apple\template\common\header.tpl on line 93
2020-06-04 22:50:35 - PHP Notice:  Undefined variable: logo in C:\OpenServer\domains\1opencart.loc\catalog\view\theme\apple\template\common\footer.tpl on line 10
2020-06-04 22:50:35 - PHP Notice:  Undefined variable: telephone in C:\OpenServer\domains\1opencart.loc\catalog\view\theme\apple\template\common\footer.tpl on line 58
2020-06-04 22:50:35 - PHP Notice:  Undefined variable: email in C:\OpenServer\domains\1opencart.loc\catalog\view\theme\apple\template\common\footer.tpl on line 77
2020-06-04 22:50:35 - PHP Notice:  Undefined variable: text_information in C:\OpenServer\domains\1opencart.loc\catalog\view\theme\apple\template\common\header.tpl on line 89
2020-06-04 22:50:35 - PHP Notice:  Undefined variable: informations in C:\OpenServer\domains\1opencart.loc\catalog\view\theme\apple\template\common\header.tpl on line 93
2020-06-04 22:50:36 - PHP Notice:  Undefined variable: logo in C:\OpenServer\domains\1opencart.loc\catalog\view\theme\apple\template\common\footer.tpl on line 10
2020-06-04 22:50:36 - PHP Notice:  Undefined variable: telephone in C:\OpenServer\domains\1opencart.loc\catalog\view\theme\apple\template\common\footer.tpl on line 58
2020-06-04 22:50:36 - PHP Notice:  Undefined variable: email in C:\OpenServer\domains\1opencart.loc\catalog\view\theme\apple\template\common\footer.tpl on line 77
2020-06-04 22:50:36 - PHP Notice:  Undefined variable: text_information in C:\OpenServer\domains\1opencart.loc\catalog\view\theme\apple\template\common\header.tpl on line 89
2020-06-04 22:50:36 - PHP Notice:  Undefined variable: informations in C:\OpenServer\domains\1opencart.loc\catalog\view\theme\apple\template\common\header.tpl on line 93
2020-06-04 22:50:36 - PHP Notice:  Undefined variable: logo in C:\OpenServer\domains\1opencart.loc\catalog\view\theme\apple\template\common\footer.tpl on line 10
2020-06-04 22:50:36 - PHP Notice:  Undefined variable: telephone in C:\OpenServer\domains\1opencart.loc\catalog\view\theme\apple\template\common\footer.tpl on line 58
2020-06-04 22:50:36 - PHP Notice:  Undefined variable: email in C:\OpenServer\domains\1opencart.loc\catalog\view\theme\apple\template\common\footer.tpl on line 77
2020-06-04 22:50:36 - PHP Notice:  Undefined variable: text_information in C:\OpenServer\domains\1opencart.loc\catalog\view\theme\apple\template\common\header.tpl on line 89
2020-06-04 22:50:36 - PHP Notice:  Undefined variable: informations in C:\OpenServer\domains\1opencart.loc\catalog\view\theme\apple\template\common\header.tpl on line 93
2020-06-04 22:50:36 - PHP Notice:  Undefined variable: logo in C:\OpenServer\domains\1opencart.loc\catalog\view\theme\apple\template\common\footer.tpl on line 10
2020-06-04 22:50:36 - PHP Notice:  Undefined variable: telephone in C:\OpenServer\domains\1opencart.loc\catalog\view\theme\apple\template\common\footer.tpl on line 58
2020-06-04 22:50:36 - PHP Notice:  Undefined variable: email in C:\OpenServer\domains\1opencart.loc\catalog\view\theme\apple\template\common\footer.tpl on line 77
2020-06-04 22:50:36 - PHP Notice:  Undefined variable: text_information in C:\OpenServer\domains\1opencart.loc\catalog\view\theme\apple\template\common\header.tpl on line 89
2020-06-04 22:50:36 - PHP Notice:  Undefined variable: informations in C:\OpenServer\domains\1opencart.loc\catalog\view\theme\apple\template\common\header.tpl on line 93
2020-06-04 22:50:36 - PHP Notice:  Undefined variable: logo in C:\OpenServer\domains\1opencart.loc\catalog\view\theme\apple\template\common\footer.tpl on line 10
2020-06-04 22:50:36 - PHP Notice:  Undefined variable: telephone in C:\OpenServer\domains\1opencart.loc\catalog\view\theme\apple\template\common\footer.tpl on line 58
2020-06-04 22:50:36 - PHP Notice:  Undefined variable: email in C:\OpenServer\domains\1opencart.loc\catalog\view\theme\apple\template\common\footer.tpl on line 77
2020-06-04 22:50:36 - PHP Notice:  Undefined variable: text_information in C:\OpenServer\domains\1opencart.loc\catalog\view\theme\apple\template\common\header.tpl on line 89
2020-06-04 22:50:36 - PHP Notice:  Undefined variable: informations in C:\OpenServer\domains\1opencart.loc\catalog\view\theme\apple\template\common\header.tpl on line 93
2020-06-04 22:50:54 - PHP Notice:  Undefined variable: logo in C:\OpenServer\domains\1opencart.loc\catalog\view\theme\apple\template\common\footer.tpl on line 10
2020-06-04 22:50:54 - PHP Notice:  Undefined variable: telephone in C:\OpenServer\domains\1opencart.loc\catalog\view\theme\apple\template\common\footer.tpl on line 58
2020-06-04 22:50:54 - PHP Notice:  Undefined variable: email in C:\OpenServer\domains\1opencart.loc\catalog\view\theme\apple\template\common\footer.tpl on line 77
2020-06-04 22:50:54 - PHP Notice:  Undefined variable: text_information in C:\OpenServer\domains\1opencart.loc\catalog\view\theme\apple\template\common\header.tpl on line 89
2020-06-04 22:50:54 - PHP Notice:  Undefined variable: informations in C:\OpenServer\domains\1opencart.loc\catalog\view\theme\apple\template\common\header.tpl on line 93
2020-06-04 22:50:54 - PHP Notice:  Undefined variable: logo in C:\OpenServer\domains\1opencart.loc\catalog\view\theme\apple\template\common\footer.tpl on line 10
2020-06-04 22:50:54 - PHP Notice:  Undefined variable: telephone in C:\OpenServer\domains\1opencart.loc\catalog\view\theme\apple\template\common\footer.tpl on line 58
2020-06-04 22:50:54 - PHP Notice:  Undefined variable: email in C:\OpenServer\domains\1opencart.loc\catalog\view\theme\apple\template\common\footer.tpl on line 77
2020-06-04 22:50:54 - PHP Notice:  Undefined variable: text_information in C:\OpenServer\domains\1opencart.loc\catalog\view\theme\apple\template\common\header.tpl on line 89
2020-06-04 22:50:54 - PHP Notice:  Undefined variable: informations in C:\OpenServer\domains\1opencart.loc\catalog\view\theme\apple\template\common\header.tpl on line 93
2020-06-04 22:50:54 - PHP Notice:  Undefined variable: logo in C:\OpenServer\domains\1opencart.loc\catalog\view\theme\apple\template\common\footer.tpl on line 10
2020-06-04 22:50:54 - PHP Notice:  Undefined variable: telephone in C:\OpenServer\domains\1opencart.loc\catalog\view\theme\apple\template\common\footer.tpl on line 58
2020-06-04 22:50:54 - PHP Notice:  Undefined variable: email in C:\OpenServer\domains\1opencart.loc\catalog\view\theme\apple\template\common\footer.tpl on line 77
2020-06-04 22:50:54 - PHP Notice:  Undefined variable: text_information in C:\OpenServer\domains\1opencart.loc\catalog\view\theme\apple\template\common\header.tpl on line 89
2020-06-04 22:50:54 - PHP Notice:  Undefined variable: informations in C:\OpenServer\domains\1opencart.loc\catalog\view\theme\apple\template\common\header.tpl on line 93
2020-06-04 22:50:54 - PHP Notice:  Undefined variable: logo in C:\OpenServer\domains\1opencart.loc\catalog\view\theme\apple\template\common\footer.tpl on line 10
2020-06-04 22:50:54 - PHP Notice:  Undefined variable: telephone in C:\OpenServer\domains\1opencart.loc\catalog\view\theme\apple\template\common\footer.tpl on line 58
2020-06-04 22:50:54 - PHP Notice:  Undefined variable: email in C:\OpenServer\domains\1opencart.loc\catalog\view\theme\apple\template\common\footer.tpl on line 77
2020-06-04 22:50:54 - PHP Notice:  Undefined variable: text_information in C:\OpenServer\domains\1opencart.loc\catalog\view\theme\apple\template\common\header.tpl on line 89
2020-06-04 22:50:54 - PHP Notice:  Undefined variable: informations in C:\OpenServer\domains\1opencart.loc\catalog\view\theme\apple\template\common\header.tpl on line 93
2020-06-04 22:50:54 - PHP Notice:  Undefined variable: logo in C:\OpenServer\domains\1opencart.loc\catalog\view\theme\apple\template\common\footer.tpl on line 10
2020-06-04 22:50:54 - PHP Notice:  Undefined variable: telephone in C:\OpenServer\domains\1opencart.loc\catalog\view\theme\apple\template\common\footer.tpl on line 58
2020-06-04 22:50:54 - PHP Notice:  Undefined variable: email in C:\OpenServer\domains\1opencart.loc\catalog\view\theme\apple\template\common\footer.tpl on line 77
2020-06-04 22:50:54 - PHP Notice:  Undefined variable: text_information in C:\OpenServer\domains\1opencart.loc\catalog\view\theme\apple\template\common\header.tpl on line 89
2020-06-04 22:50:54 - PHP Notice:  Undefined variable: informations in C:\OpenServer\domains\1opencart.loc\catalog\view\theme\apple\template\common\header.tpl on line 93
2020-06-04 22:50:57 - PHP Notice:  Undefined variable: logo in C:\OpenServer\domains\1opencart.loc\catalog\view\theme\apple\template\common\footer.tpl on line 10
2020-06-04 22:50:57 - PHP Notice:  Undefined variable: telephone in C:\OpenServer\domains\1opencart.loc\catalog\view\theme\apple\template\common\footer.tpl on line 58
2020-06-04 22:50:57 - PHP Notice:  Undefined variable: email in C:\OpenServer\domains\1opencart.loc\catalog\view\theme\apple\template\common\footer.tpl on line 77
2020-06-04 22:50:57 - PHP Notice:  Undefined variable: text_information in C:\OpenServer\domains\1opencart.loc\catalog\view\theme\apple\template\common\header.tpl on line 89
2020-06-04 22:50:57 - PHP Notice:  Undefined variable: informations in C:\OpenServer\domains\1opencart.loc\catalog\view\theme\apple\template\common\header.tpl on line 93
2020-06-04 22:50:57 - PHP Notice:  Undefined variable: logo in C:\OpenServer\domains\1opencart.loc\catalog\view\theme\apple\template\common\footer.tpl on line 10
2020-06-04 22:50:57 - PHP Notice:  Undefined variable: telephone in C:\OpenServer\domains\1opencart.loc\catalog\view\theme\apple\template\common\footer.tpl on line 58
2020-06-04 22:50:57 - PHP Notice:  Undefined variable: email in C:\OpenServer\domains\1opencart.loc\catalog\view\theme\apple\template\common\footer.tpl on line 77
2020-06-04 22:50:57 - PHP Notice:  Undefined variable: text_information in C:\OpenServer\domains\1opencart.loc\catalog\view\theme\apple\template\common\header.tpl on line 89
2020-06-04 22:50:57 - PHP Notice:  Undefined variable: informations in C:\OpenServer\domains\1opencart.loc\catalog\view\theme\apple\template\common\header.tpl on line 93
2020-06-04 22:50:57 - PHP Notice:  Undefined variable: logo in C:\OpenServer\domains\1opencart.loc\catalog\view\theme\apple\template\common\footer.tpl on line 10
2020-06-04 22:50:57 - PHP Notice:  Undefined variable: telephone in C:\OpenServer\domains\1opencart.loc\catalog\view\theme\apple\template\common\footer.tpl on line 58
2020-06-04 22:50:57 - PHP Notice:  Undefined variable: email in C:\OpenServer\domains\1opencart.loc\catalog\view\theme\apple\template\common\footer.tpl on line 77
2020-06-04 22:50:57 - PHP Notice:  Undefined variable: text_information in C:\OpenServer\domains\1opencart.loc\catalog\view\theme\apple\template\common\header.tpl on line 89
2020-06-04 22:50:57 - PHP Notice:  Undefined variable: informations in C:\OpenServer\domains\1opencart.loc\catalog\view\theme\apple\template\common\header.tpl on line 93
2020-06-04 22:50:57 - PHP Notice:  Undefined variable: logo in C:\OpenServer\domains\1opencart.loc\catalog\view\theme\apple\template\common\footer.tpl on line 10
2020-06-04 22:50:57 - PHP Notice:  Undefined variable: telephone in C:\OpenServer\domains\1opencart.loc\catalog\view\theme\apple\template\common\footer.tpl on line 58
2020-06-04 22:50:57 - PHP Notice:  Undefined variable: email in C:\OpenServer\domains\1opencart.loc\catalog\view\theme\apple\template\common\footer.tpl on line 77
2020-06-04 22:50:57 - PHP Notice:  Undefined variable: text_information in C:\OpenServer\domains\1opencart.loc\catalog\view\theme\apple\template\common\header.tpl on line 89
2020-06-04 22:50:57 - PHP Notice:  Undefined variable: informations in C:\OpenServer\domains\1opencart.loc\catalog\view\theme\apple\template\common\header.tpl on line 93
2020-06-04 22:50:57 - PHP Notice:  Undefined variable: logo in C:\OpenServer\domains\1opencart.loc\catalog\view\theme\apple\template\common\footer.tpl on line 10
2020-06-04 22:50:57 - PHP Notice:  Undefined variable: telephone in C:\OpenServer\domains\1opencart.loc\catalog\view\theme\apple\template\common\footer.tpl on line 58
2020-06-04 22:50:57 - PHP Notice:  Undefined variable: email in C:\OpenServer\domains\1opencart.loc\catalog\view\theme\apple\template\common\footer.tpl on line 77
2020-06-04 22:50:57 - PHP Notice:  Undefined variable: text_information in C:\OpenServer\domains\1opencart.loc\catalog\view\theme\apple\template\common\header.tpl on line 89
2020-06-04 22:50:57 - PHP Notice:  Undefined variable: informations in C:\OpenServer\domains\1opencart.loc\catalog\view\theme\apple\template\common\header.tpl on line 93
2020-06-04 22:52:08 - PHP Notice:  Undefined variable: logo in C:\OpenServer\domains\1opencart.loc\catalog\view\theme\apple\template\common\footer.tpl on line 10
2020-06-04 22:52:08 - PHP Notice:  Undefined variable: telephone in C:\OpenServer\domains\1opencart.loc\catalog\view\theme\apple\template\common\footer.tpl on line 58
2020-06-04 22:52:08 - PHP Notice:  Undefined variable: email in C:\OpenServer\domains\1opencart.loc\catalog\view\theme\apple\template\common\footer.tpl on line 77
2020-06-04 22:52:08 - PHP Notice:  Undefined variable: text_information in C:\OpenServer\domains\1opencart.loc\catalog\view\theme\apple\template\common\header.tpl on line 89
2020-06-04 22:52:08 - PHP Notice:  Undefined variable: informations in C:\OpenServer\domains\1opencart.loc\catalog\view\theme\apple\template\common\header.tpl on line 93
2020-06-04 22:52:52 - PHP Notice:  Undefined variable: logo in C:\OpenServer\domains\1opencart.loc\catalog\view\theme\apple\template\common\footer.tpl on line 10
2020-06-04 22:52:52 - PHP Notice:  Undefined variable: telephone in C:\OpenServer\domains\1opencart.loc\catalog\view\theme\apple\template\common\footer.tpl on line 58
2020-06-04 22:52:52 - PHP Notice:  Undefined variable: email in C:\OpenServer\domains\1opencart.loc\catalog\view\theme\apple\template\common\footer.tpl on line 77
2020-06-04 22:52:52 - PHP Notice:  Undefined variable: text_information in C:\OpenServer\domains\1opencart.loc\catalog\view\theme\apple\template\common\header.tpl on line 89
2020-06-04 22:52:52 - PHP Notice:  Undefined variable: informations in C:\OpenServer\domains\1opencart.loc\catalog\view\theme\apple\template\common\header.tpl on line 93
2020-06-04 22:53:07 - PHP Notice:  Undefined variable: logo in C:\OpenServer\domains\1opencart.loc\catalog\view\theme\apple\template\common\footer.tpl on line 10
2020-06-04 22:53:07 - PHP Notice:  Undefined variable: telephone in C:\OpenServer\domains\1opencart.loc\catalog\view\theme\apple\template\common\footer.tpl on line 58
2020-06-04 22:53:07 - PHP Notice:  Undefined variable: email in C:\OpenServer\domains\1opencart.loc\catalog\view\theme\apple\template\common\footer.tpl on line 77
2020-06-04 22:53:07 - PHP Notice:  Undefined variable: text_information in C:\OpenServer\domains\1opencart.loc\catalog\view\theme\apple\template\common\header.tpl on line 89
2020-06-04 22:53:07 - PHP Notice:  Undefined variable: informations in C:\OpenServer\domains\1opencart.loc\catalog\view\theme\apple\template\common\header.tpl on line 93
2020-06-04 22:53:13 - PHP Notice:  Undefined variable: logo in C:\OpenServer\domains\1opencart.loc\catalog\view\theme\apple\template\common\footer.tpl on line 10
2020-06-04 22:53:13 - PHP Notice:  Undefined variable: telephone in C:\OpenServer\domains\1opencart.loc\catalog\view\theme\apple\template\common\footer.tpl on line 58
2020-06-04 22:53:13 - PHP Notice:  Undefined variable: email in C:\OpenServer\domains\1opencart.loc\catalog\view\theme\apple\template\common\footer.tpl on line 77
2020-06-04 22:53:13 - PHP Notice:  Undefined variable: text_information in C:\OpenServer\domains\1opencart.loc\catalog\view\theme\apple\template\common\header.tpl on line 89
2020-06-04 22:53:13 - PHP Notice:  Undefined variable: informations in C:\OpenServer\domains\1opencart.loc\catalog\view\theme\apple\template\common\header.tpl on line 93
2020-06-04 22:53:16 - PHP Notice:  Undefined variable: logo in C:\OpenServer\domains\1opencart.loc\catalog\view\theme\apple\template\common\footer.tpl on line 10
2020-06-04 22:53:16 - PHP Notice:  Undefined variable: telephone in C:\OpenServer\domains\1opencart.loc\catalog\view\theme\apple\template\common\footer.tpl on line 58
2020-06-04 22:53:16 - PHP Notice:  Undefined variable: email in C:\OpenServer\domains\1opencart.loc\catalog\view\theme\apple\template\common\footer.tpl on line 77
2020-06-04 22:53:16 - PHP Notice:  Undefined variable: text_information in C:\OpenServer\domains\1opencart.loc\catalog\view\theme\apple\template\common\header.tpl on line 89
2020-06-04 22:53:16 - PHP Notice:  Undefined variable: informations in C:\OpenServer\domains\1opencart.loc\catalog\view\theme\apple\template\common\header.tpl on line 93
2020-06-04 22:53:19 - PHP Notice:  Undefined variable: logo in C:\OpenServer\domains\1opencart.loc\catalog\view\theme\apple\template\common\footer.tpl on line 10
2020-06-04 22:53:19 - PHP Notice:  Undefined variable: telephone in C:\OpenServer\domains\1opencart.loc\catalog\view\theme\apple\template\common\footer.tpl on line 58
2020-06-04 22:53:19 - PHP Notice:  Undefined variable: email in C:\OpenServer\domains\1opencart.loc\catalog\view\theme\apple\template\common\footer.tpl on line 77
2020-06-04 22:53:19 - PHP Notice:  Undefined variable: text_information in C:\OpenServer\domains\1opencart.loc\catalog\view\theme\apple\template\common\header.tpl on line 89
2020-06-04 22:53:19 - PHP Notice:  Undefined variable: informations in C:\OpenServer\domains\1opencart.loc\catalog\view\theme\apple\template\common\header.tpl on line 93
2020-06-04 22:53:20 - PHP Notice:  Undefined variable: logo in C:\OpenServer\domains\1opencart.loc\catalog\view\theme\apple\template\common\footer.tpl on line 10
2020-06-04 22:53:20 - PHP Notice:  Undefined variable: telephone in C:\OpenServer\domains\1opencart.loc\catalog\view\theme\apple\template\common\footer.tpl on line 58
2020-06-04 22:53:20 - PHP Notice:  Undefined variable: email in C:\OpenServer\domains\1opencart.loc\catalog\view\theme\apple\template\common\footer.tpl on line 77
2020-06-04 22:53:20 - PHP Notice:  Undefined variable: text_information in C:\OpenServer\domains\1opencart.loc\catalog\view\theme\apple\template\common\header.tpl on line 89
2020-06-04 22:53:20 - PHP Notice:  Undefined variable: informations in C:\OpenServer\domains\1opencart.loc\catalog\view\theme\apple\template\common\header.tpl on line 93
2020-06-04 22:54:27 - PHP Notice:  Undefined variable: logo in C:\OpenServer\domains\1opencart.loc\catalog\view\theme\apple\template\common\footer.tpl on line 10
2020-06-04 22:54:27 - PHP Notice:  Undefined variable: telephone in C:\OpenServer\domains\1opencart.loc\catalog\view\theme\apple\template\common\footer.tpl on line 58
2020-06-04 22:54:27 - PHP Notice:  Undefined variable: email in C:\OpenServer\domains\1opencart.loc\catalog\view\theme\apple\template\common\footer.tpl on line 77
2020-06-04 22:54:27 - PHP Notice:  Undefined variable: text_information in C:\OpenServer\domains\1opencart.loc\catalog\view\theme\apple\template\common\header.tpl on line 89
2020-06-04 22:54:27 - PHP Notice:  Undefined variable: informations in C:\OpenServer\domains\1opencart.loc\catalog\view\theme\apple\template\common\header.tpl on line 93
2020-06-05 13:28:18 - PHP Notice:  Undefined variable: logo in C:\OpenServer\domains\1opencart.loc\catalog\view\theme\apple\template\common\footer.tpl on line 10
2020-06-05 13:28:18 - PHP Notice:  Undefined variable: telephone in C:\OpenServer\domains\1opencart.loc\catalog\view\theme\apple\template\common\footer.tpl on line 58
2020-06-05 13:28:18 - PHP Notice:  Undefined variable: email in C:\OpenServer\domains\1opencart.loc\catalog\view\theme\apple\template\common\footer.tpl on line 77
2020-06-05 13:28:19 - PHP Notice:  Undefined variable: text_information in C:\OpenServer\domains\1opencart.loc\catalog\view\theme\apple\template\common\header.tpl on line 89
2020-06-05 13:28:19 - PHP Notice:  Undefined variable: informations in C:\OpenServer\domains\1opencart.loc\catalog\view\theme\apple\template\common\header.tpl on line 93
2020-06-05 13:29:09 - PHP Notice:  Undefined variable: logo in C:\OpenServer\domains\1opencart.loc\catalog\view\theme\apple\template\common\footer.tpl on line 10
2020-06-05 13:29:09 - PHP Notice:  Undefined variable: telephone in C:\OpenServer\domains\1opencart.loc\catalog\view\theme\apple\template\common\footer.tpl on line 58
2020-06-05 13:29:09 - PHP Notice:  Undefined variable: email in C:\OpenServer\domains\1opencart.loc\catalog\view\theme\apple\template\common\footer.tpl on line 77
2020-06-05 13:29:09 - PHP Notice:  Undefined variable: text_information in C:\OpenServer\domains\1opencart.loc\catalog\view\theme\apple\template\common\header.tpl on line 89
2020-06-05 13:29:09 - PHP Notice:  Undefined variable: informations in C:\OpenServer\domains\1opencart.loc\catalog\view\theme\apple\template\common\header.tpl on line 93
2020-06-05 13:32:35 - PHP Notice:  Undefined variable: logo in C:\OpenServer\domains\1opencart.loc\catalog\view\theme\apple\template\common\footer.tpl on line 10
2020-06-05 13:32:35 - PHP Notice:  Undefined variable: telephone in C:\OpenServer\domains\1opencart.loc\catalog\view\theme\apple\template\common\footer.tpl on line 58
2020-06-05 13:32:35 - PHP Notice:  Undefined variable: email in C:\OpenServer\domains\1opencart.loc\catalog\view\theme\apple\template\common\footer.tpl on line 77
2020-06-05 13:32:35 - PHP Notice:  Undefined variable: text_information in C:\OpenServer\domains\1opencart.loc\catalog\view\theme\apple\template\common\header.tpl on line 89
2020-06-05 13:32:35 - PHP Notice:  Undefined variable: informations in C:\OpenServer\domains\1opencart.loc\catalog\view\theme\apple\template\common\header.tpl on line 93
2020-06-05 18:31:39 - PHP Notice:  Undefined variable: logo in C:\OpenServer\domains\1opencart.loc\catalog\view\theme\apple\template\common\footer.tpl on line 10
2020-06-05 18:31:39 - PHP Notice:  Undefined variable: telephone in C:\OpenServer\domains\1opencart.loc\catalog\view\theme\apple\template\common\footer.tpl on line 58
2020-06-05 18:31:39 - PHP Notice:  Undefined variable: email in C:\OpenServer\domains\1opencart.loc\catalog\view\theme\apple\template\common\footer.tpl on line 77
2020-06-05 18:31:39 - PHP Notice:  Undefined variable: text_information in C:\OpenServer\domains\1opencart.loc\catalog\view\theme\apple\template\common\header.tpl on line 89
2020-06-05 18:31:39 - PHP Notice:  Undefined variable: informations in C:\OpenServer\domains\1opencart.loc\catalog\view\theme\apple\template\common\header.tpl on line 93
2020-06-05 19:23:30 - PHP Notice:  Undefined variable: logo in C:\OpenServer\domains\1opencart.loc\catalog\view\theme\apple\template\common\footer.tpl on line 10
2020-06-05 19:23:30 - PHP Notice:  Undefined variable: telephone in C:\OpenServer\domains\1opencart.loc\catalog\view\theme\apple\template\common\footer.tpl on line 58
2020-06-05 19:23:30 - PHP Notice:  Undefined variable: email in C:\OpenServer\domains\1opencart.loc\catalog\view\theme\apple\template\common\footer.tpl on line 77
2020-06-05 19:23:30 - PHP Notice:  Undefined variable: text_information in C:\OpenServer\domains\1opencart.loc\catalog\view\theme\apple\template\common\header.tpl on line 89
2020-06-05 19:23:30 - PHP Notice:  Undefined variable: informations in C:\OpenServer\domains\1opencart.loc\catalog\view\theme\apple\template\common\header.tpl on line 93
2020-06-05 19:28:00 - PHP Notice:  Undefined variable: logo in C:\OpenServer\domains\1opencart.loc\catalog\view\theme\apple\template\common\footer.tpl on line 10
2020-06-05 19:28:00 - PHP Notice:  Undefined variable: telephone in C:\OpenServer\domains\1opencart.loc\catalog\view\theme\apple\template\common\footer.tpl on line 58
2020-06-05 19:28:00 - PHP Notice:  Undefined variable: email in C:\OpenServer\domains\1opencart.loc\catalog\view\theme\apple\template\common\footer.tpl on line 77
2020-06-05 19:28:00 - PHP Notice:  Undefined variable: text_information in C:\OpenServer\domains\1opencart.loc\catalog\view\theme\apple\template\common\header.tpl on line 89
2020-06-05 19:28:00 - PHP Notice:  Undefined variable: informations in C:\OpenServer\domains\1opencart.loc\catalog\view\theme\apple\template\common\header.tpl on line 93
2020-06-05 19:35:27 - PHP Notice:  Undefined variable: logo in C:\OpenServer\domains\1opencart.loc\catalog\view\theme\apple\template\common\footer.tpl on line 10
2020-06-05 19:35:27 - PHP Notice:  Undefined variable: telephone in C:\OpenServer\domains\1opencart.loc\catalog\view\theme\apple\template\common\footer.tpl on line 58
2020-06-05 19:35:27 - PHP Notice:  Undefined variable: email in C:\OpenServer\domains\1opencart.loc\catalog\view\theme\apple\template\common\footer.tpl on line 77
2020-06-05 19:35:27 - PHP Notice:  Undefined variable: text_information in C:\OpenServer\domains\1opencart.loc\catalog\view\theme\apple\template\common\header.tpl on line 89
2020-06-05 19:35:27 - PHP Notice:  Undefined variable: informations in C:\OpenServer\domains\1opencart.loc\catalog\view\theme\apple\template\common\header.tpl on line 93
2020-06-05 19:35:28 - PHP Notice:  Undefined variable: logo in C:\OpenServer\domains\1opencart.loc\catalog\view\theme\apple\template\common\footer.tpl on line 10
2020-06-05 19:35:28 - PHP Notice:  Undefined variable: telephone in C:\OpenServer\domains\1opencart.loc\catalog\view\theme\apple\template\common\footer.tpl on line 58
2020-06-05 19:35:28 - PHP Notice:  Undefined variable: email in C:\OpenServer\domains\1opencart.loc\catalog\view\theme\apple\template\common\footer.tpl on line 77
2020-06-05 19:35:28 - PHP Notice:  Undefined variable: text_information in C:\OpenServer\domains\1opencart.loc\catalog\view\theme\apple\template\common\header.tpl on line 89
2020-06-05 19:35:28 - PHP Notice:  Undefined variable: informations in C:\OpenServer\domains\1opencart.loc\catalog\view\theme\apple\template\common\header.tpl on line 93
2020-06-05 19:35:28 - PHP Notice:  Undefined variable: logo in C:\OpenServer\domains\1opencart.loc\catalog\view\theme\apple\template\common\footer.tpl on line 10
2020-06-05 19:35:28 - PHP Notice:  Undefined variable: telephone in C:\OpenServer\domains\1opencart.loc\catalog\view\theme\apple\template\common\footer.tpl on line 58
2020-06-05 19:35:28 - PHP Notice:  Undefined variable: email in C:\OpenServer\domains\1opencart.loc\catalog\view\theme\apple\template\common\footer.tpl on line 77
2020-06-05 19:35:28 - PHP Notice:  Undefined variable: text_information in C:\OpenServer\domains\1opencart.loc\catalog\view\theme\apple\template\common\header.tpl on line 89
2020-06-05 19:35:28 - PHP Notice:  Undefined variable: informations in C:\OpenServer\domains\1opencart.loc\catalog\view\theme\apple\template\common\header.tpl on line 93
2020-06-05 19:35:30 - PHP Notice:  Undefined variable: logo in C:\OpenServer\domains\1opencart.loc\catalog\view\theme\apple\template\common\footer.tpl on line 10
2020-06-05 19:35:30 - PHP Notice:  Undefined variable: telephone in C:\OpenServer\domains\1opencart.loc\catalog\view\theme\apple\template\common\footer.tpl on line 58
2020-06-05 19:35:30 - PHP Notice:  Undefined variable: email in C:\OpenServer\domains\1opencart.loc\catalog\view\theme\apple\template\common\footer.tpl on line 77
2020-06-05 19:35:30 - PHP Notice:  Undefined variable: text_information in C:\OpenServer\domains\1opencart.loc\catalog\view\theme\apple\template\common\header.tpl on line 89
2020-06-05 19:35:30 - PHP Notice:  Undefined variable: informations in C:\OpenServer\domains\1opencart.loc\catalog\view\theme\apple\template\common\header.tpl on line 93
2020-06-05 19:35:33 - PHP Notice:  Undefined variable: logo in C:\OpenServer\domains\1opencart.loc\catalog\view\theme\apple\template\common\footer.tpl on line 10
2020-06-05 19:35:33 - PHP Notice:  Undefined variable: telephone in C:\OpenServer\domains\1opencart.loc\catalog\view\theme\apple\template\common\footer.tpl on line 58
2020-06-05 19:35:33 - PHP Notice:  Undefined variable: email in C:\OpenServer\domains\1opencart.loc\catalog\view\theme\apple\template\common\footer.tpl on line 77
2020-06-05 19:35:33 - PHP Notice:  Undefined variable: text_information in C:\OpenServer\domains\1opencart.loc\catalog\view\theme\apple\template\common\header.tpl on line 89
2020-06-05 19:35:33 - PHP Notice:  Undefined variable: informations in C:\OpenServer\domains\1opencart.loc\catalog\view\theme\apple\template\common\header.tpl on line 93
2020-06-05 19:39:37 - PHP Notice:  Undefined variable: logo in C:\OpenServer\domains\1opencart.loc\catalog\view\theme\apple\template\common\footer.tpl on line 10
2020-06-05 19:39:37 - PHP Notice:  Undefined variable: telephone in C:\OpenServer\domains\1opencart.loc\catalog\view\theme\apple\template\common\footer.tpl on line 58
2020-06-05 19:39:37 - PHP Notice:  Undefined variable: email in C:\OpenServer\domains\1opencart.loc\catalog\view\theme\apple\template\common\footer.tpl on line 77
2020-06-05 19:39:37 - PHP Notice:  Undefined variable: text_information in C:\OpenServer\domains\1opencart.loc\catalog\view\theme\apple\template\common\header.tpl on line 89
2020-06-05 19:39:37 - PHP Notice:  Undefined variable: informations in C:\OpenServer\domains\1opencart.loc\catalog\view\theme\apple\template\common\header.tpl on line 93
2020-06-05 19:45:03 - PHP Notice:  Undefined variable: logo in C:\OpenServer\domains\1opencart.loc\catalog\view\theme\apple\template\common\footer.tpl on line 10
2020-06-05 19:45:03 - PHP Notice:  Undefined variable: telephone in C:\OpenServer\domains\1opencart.loc\catalog\view\theme\apple\template\common\footer.tpl on line 58
2020-06-05 19:45:03 - PHP Notice:  Undefined variable: email in C:\OpenServer\domains\1opencart.loc\catalog\view\theme\apple\template\common\footer.tpl on line 77
2020-06-05 19:45:03 - PHP Notice:  Undefined variable: text_information in C:\OpenServer\domains\1opencart.loc\catalog\view\theme\apple\template\common\header.tpl on line 89
2020-06-05 19:45:03 - PHP Notice:  Undefined variable: informations in C:\OpenServer\domains\1opencart.loc\catalog\view\theme\apple\template\common\header.tpl on line 93
2020-06-05 19:46:58 - PHP Notice:  Undefined variable: logo in C:\OpenServer\domains\1opencart.loc\catalog\view\theme\apple\template\common\footer.tpl on line 10
2020-06-05 19:46:58 - PHP Notice:  Undefined variable: telephone in C:\OpenServer\domains\1opencart.loc\catalog\view\theme\apple\template\common\footer.tpl on line 58
2020-06-05 19:46:58 - PHP Notice:  Undefined variable: email in C:\OpenServer\domains\1opencart.loc\catalog\view\theme\apple\template\common\footer.tpl on line 77
2020-06-05 19:46:58 - PHP Notice:  Undefined variable: text_information in C:\OpenServer\domains\1opencart.loc\catalog\view\theme\apple\template\common\header.tpl on line 89
2020-06-05 19:46:58 - PHP Notice:  Undefined variable: informations in C:\OpenServer\domains\1opencart.loc\catalog\view\theme\apple\template\common\header.tpl on line 93
2020-06-05 19:47:00 - PHP Notice:  Undefined variable: logo in C:\OpenServer\domains\1opencart.loc\catalog\view\theme\apple\template\common\footer.tpl on line 10
2020-06-05 19:47:00 - PHP Notice:  Undefined variable: telephone in C:\OpenServer\domains\1opencart.loc\catalog\view\theme\apple\template\common\footer.tpl on line 58
2020-06-05 19:47:00 - PHP Notice:  Undefined variable: email in C:\OpenServer\domains\1opencart.loc\catalog\view\theme\apple\template\common\footer.tpl on line 77
2020-06-05 19:47:00 - PHP Notice:  Undefined variable: text_information in C:\OpenServer\domains\1opencart.loc\catalog\view\theme\apple\template\common\header.tpl on line 89
2020-06-05 19:47:00 - PHP Notice:  Undefined variable: informations in C:\OpenServer\domains\1opencart.loc\catalog\view\theme\apple\template\common\header.tpl on line 93
2020-06-05 20:35:04 - PHP Notice:  Undefined variable: logo in C:\OpenServer\domains\1opencart.loc\catalog\view\theme\apple\template\common\footer.tpl on line 10
2020-06-05 20:35:04 - PHP Notice:  Undefined variable: telephone in C:\OpenServer\domains\1opencart.loc\catalog\view\theme\apple\template\common\footer.tpl on line 58
2020-06-05 20:35:04 - PHP Notice:  Undefined variable: email in C:\OpenServer\domains\1opencart.loc\catalog\view\theme\apple\template\common\footer.tpl on line 77
2020-06-05 20:35:04 - PHP Notice:  Undefined variable: text_information in C:\OpenServer\domains\1opencart.loc\catalog\view\theme\apple\template\common\header.tpl on line 89
2020-06-05 20:35:04 - PHP Notice:  Undefined variable: informations in C:\OpenServer\domains\1opencart.loc\catalog\view\theme\apple\template\common\header.tpl on line 93
2020-06-05 20:37:20 - PHP Notice:  Undefined variable: logo in C:\OpenServer\domains\1opencart.loc\catalog\view\theme\apple\template\common\footer.tpl on line 10
2020-06-05 20:37:20 - PHP Notice:  Undefined variable: telephone in C:\OpenServer\domains\1opencart.loc\catalog\view\theme\apple\template\common\footer.tpl on line 58
2020-06-05 20:37:20 - PHP Notice:  Undefined variable: email in C:\OpenServer\domains\1opencart.loc\catalog\view\theme\apple\template\common\footer.tpl on line 77
2020-06-05 20:37:20 - PHP Notice:  Undefined variable: text_information in C:\OpenServer\domains\1opencart.loc\catalog\view\theme\apple\template\common\header.tpl on line 89
2020-06-05 20:37:20 - PHP Notice:  Undefined variable: informations in C:\OpenServer\domains\1opencart.loc\catalog\view\theme\apple\template\common\header.tpl on line 93
2020-06-05 20:37:22 - PHP Notice:  Undefined variable: logo in C:\OpenServer\domains\1opencart.loc\catalog\view\theme\apple\template\common\footer.tpl on line 10
2020-06-05 20:37:22 - PHP Notice:  Undefined variable: telephone in C:\OpenServer\domains\1opencart.loc\catalog\view\theme\apple\template\common\footer.tpl on line 58
2020-06-05 20:37:22 - PHP Notice:  Undefined variable: email in C:\OpenServer\domains\1opencart.loc\catalog\view\theme\apple\template\common\footer.tpl on line 77
2020-06-05 20:37:22 - PHP Notice:  Undefined variable: text_information in C:\OpenServer\domains\1opencart.loc\catalog\view\theme\apple\template\common\header.tpl on line 89
2020-06-05 20:37:22 - PHP Notice:  Undefined variable: informations in C:\OpenServer\domains\1opencart.loc\catalog\view\theme\apple\template\common\header.tpl on line 93
2020-06-05 20:37:58 - PHP Notice:  Undefined variable: logo in C:\OpenServer\domains\1opencart.loc\catalog\view\theme\apple\template\common\footer.tpl on line 10
2020-06-05 20:37:58 - PHP Notice:  Undefined variable: telephone in C:\OpenServer\domains\1opencart.loc\catalog\view\theme\apple\template\common\footer.tpl on line 58
2020-06-05 20:37:58 - PHP Notice:  Undefined variable: email in C:\OpenServer\domains\1opencart.loc\catalog\view\theme\apple\template\common\footer.tpl on line 77
2020-06-05 20:37:58 - PHP Notice:  Undefined variable: text_information in C:\OpenServer\domains\1opencart.loc\catalog\view\theme\apple\template\common\header.tpl on line 89
2020-06-05 20:37:58 - PHP Notice:  Undefined variable: informations in C:\OpenServer\domains\1opencart.loc\catalog\view\theme\apple\template\common\header.tpl on line 93
2020-06-05 20:38:00 - PHP Notice:  Undefined variable: logo in C:\OpenServer\domains\1opencart.loc\catalog\view\theme\apple\template\common\footer.tpl on line 10
2020-06-05 20:38:00 - PHP Notice:  Undefined variable: telephone in C:\OpenServer\domains\1opencart.loc\catalog\view\theme\apple\template\common\footer.tpl on line 58
2020-06-05 20:38:00 - PHP Notice:  Undefined variable: email in C:\OpenServer\domains\1opencart.loc\catalog\view\theme\apple\template\common\footer.tpl on line 77
2020-06-05 20:38:00 - PHP Notice:  Undefined variable: text_information in C:\OpenServer\domains\1opencart.loc\catalog\view\theme\apple\template\common\header.tpl on line 89
2020-06-05 20:38:00 - PHP Notice:  Undefined variable: informations in C:\OpenServer\domains\1opencart.loc\catalog\view\theme\apple\template\common\header.tpl on line 93
2020-06-05 20:38:02 - PHP Notice:  Undefined variable: logo in C:\OpenServer\domains\1opencart.loc\catalog\view\theme\apple\template\common\footer.tpl on line 10
2020-06-05 20:38:02 - PHP Notice:  Undefined variable: telephone in C:\OpenServer\domains\1opencart.loc\catalog\view\theme\apple\template\common\footer.tpl on line 58
2020-06-05 20:38:02 - PHP Notice:  Undefined variable: email in C:\OpenServer\domains\1opencart.loc\catalog\view\theme\apple\template\common\footer.tpl on line 77
2020-06-05 20:38:02 - PHP Notice:  Undefined variable: text_information in C:\OpenServer\domains\1opencart.loc\catalog\view\theme\apple\template\common\header.tpl on line 89
2020-06-05 20:38:02 - PHP Notice:  Undefined variable: informations in C:\OpenServer\domains\1opencart.loc\catalog\view\theme\apple\template\common\header.tpl on line 93
2020-06-05 20:38:04 - PHP Notice:  Undefined variable: logo in C:\OpenServer\domains\1opencart.loc\catalog\view\theme\apple\template\common\footer.tpl on line 10
2020-06-05 20:38:04 - PHP Notice:  Undefined variable: telephone in C:\OpenServer\domains\1opencart.loc\catalog\view\theme\apple\template\common\footer.tpl on line 58
2020-06-05 20:38:04 - PHP Notice:  Undefined variable: email in C:\OpenServer\domains\1opencart.loc\catalog\view\theme\apple\template\common\footer.tpl on line 77
2020-06-05 20:38:04 - PHP Notice:  Undefined variable: text_information in C:\OpenServer\domains\1opencart.loc\catalog\view\theme\apple\template\common\header.tpl on line 89
2020-06-05 20:38:04 - PHP Notice:  Undefined variable: informations in C:\OpenServer\domains\1opencart.loc\catalog\view\theme\apple\template\common\header.tpl on line 93
2020-06-05 20:38:07 - PHP Notice:  Undefined variable: logo in C:\OpenServer\domains\1opencart.loc\catalog\view\theme\apple\template\common\footer.tpl on line 10
2020-06-05 20:38:07 - PHP Notice:  Undefined variable: telephone in C:\OpenServer\domains\1opencart.loc\catalog\view\theme\apple\template\common\footer.tpl on line 58
2020-06-05 20:38:07 - PHP Notice:  Undefined variable: email in C:\OpenServer\domains\1opencart.loc\catalog\view\theme\apple\template\common\footer.tpl on line 77
2020-06-05 20:38:07 - PHP Notice:  Undefined variable: text_information in C:\OpenServer\domains\1opencart.loc\catalog\view\theme\apple\template\common\header.tpl on line 89
2020-06-05 20:38:07 - PHP Notice:  Undefined variable: informations in C:\OpenServer\domains\1opencart.loc\catalog\view\theme\apple\template\common\header.tpl on line 93
2020-06-05 20:38:09 - PHP Notice:  Undefined variable: logo in C:\OpenServer\domains\1opencart.loc\catalog\view\theme\apple\template\common\footer.tpl on line 10
2020-06-05 20:38:09 - PHP Notice:  Undefined variable: telephone in C:\OpenServer\domains\1opencart.loc\catalog\view\theme\apple\template\common\footer.tpl on line 58
2020-06-05 20:38:09 - PHP Notice:  Undefined variable: email in C:\OpenServer\domains\1opencart.loc\catalog\view\theme\apple\template\common\footer.tpl on line 77
2020-06-05 20:38:09 - PHP Notice:  Undefined variable: text_information in C:\OpenServer\domains\1opencart.loc\catalog\view\theme\apple\template\common\header.tpl on line 89
2020-06-05 20:38:09 - PHP Notice:  Undefined variable: informations in C:\OpenServer\domains\1opencart.loc\catalog\view\theme\apple\template\common\header.tpl on line 93
2020-06-05 20:50:47 - PHP Notice:  Undefined variable: logo in C:\OpenServer\domains\1opencart.loc\catalog\view\theme\apple\template\common\footer.tpl on line 10
2020-06-05 20:50:47 - PHP Notice:  Undefined variable: telephone in C:\OpenServer\domains\1opencart.loc\catalog\view\theme\apple\template\common\footer.tpl on line 58
2020-06-05 20:50:47 - PHP Notice:  Undefined variable: email in C:\OpenServer\domains\1opencart.loc\catalog\view\theme\apple\template\common\footer.tpl on line 77
2020-06-05 20:52:22 - PHP Notice:  Undefined variable: logo in C:\OpenServer\domains\1opencart.loc\catalog\view\theme\apple\template\common\footer.tpl on line 10
2020-06-05 20:52:22 - PHP Notice:  Undefined variable: telephone in C:\OpenServer\domains\1opencart.loc\catalog\view\theme\apple\template\common\footer.tpl on line 58
2020-06-05 20:52:22 - PHP Notice:  Undefined variable: email in C:\OpenServer\domains\1opencart.loc\catalog\view\theme\apple\template\common\footer.tpl on line 77
2020-06-05 20:52:54 - PHP Notice:  Undefined variable: logo in C:\OpenServer\domains\1opencart.loc\catalog\view\theme\apple\template\common\footer.tpl on line 10
2020-06-05 20:52:54 - PHP Notice:  Undefined variable: telephone in C:\OpenServer\domains\1opencart.loc\catalog\view\theme\apple\template\common\footer.tpl on line 58
2020-06-05 20:52:54 - PHP Notice:  Undefined variable: email in C:\OpenServer\domains\1opencart.loc\catalog\view\theme\apple\template\common\footer.tpl on line 77
2020-06-05 20:53:56 - PHP Notice:  Undefined variable: logo in C:\OpenServer\domains\1opencart.loc\catalog\view\theme\apple\template\common\footer.tpl on line 10
2020-06-05 20:53:56 - PHP Notice:  Undefined variable: telephone in C:\OpenServer\domains\1opencart.loc\catalog\view\theme\apple\template\common\footer.tpl on line 58
2020-06-05 20:53:56 - PHP Notice:  Undefined variable: email in C:\OpenServer\domains\1opencart.loc\catalog\view\theme\apple\template\common\footer.tpl on line 77
